<?xml version="1.0" encoding="UTF-8"?>
<testsuite xmlns:xsi="http://www.w3.org/2001/XMLSchema-instance" xsi:noNamespaceSchemaLocation="https://maven.apache.org/surefire/maven-surefire-plugin/xsd/surefire-test-report.xsd" name="com.csg.api.ApiApplicationTests" time="0.133" tests="1" errors="0" skipped="0" failures="0">
  <properties>
    <property name="sun.desktop" value="windows"/>
    <property name="awt.toolkit" value="sun.awt.windows.WToolkit"/>
    <property name="file.encoding.pkg" value="sun.io"/>
    <property name="java.specification.version" value="1.8"/>
    <property name="sun.cpu.isalist" value="amd64"/>
    <property name="sun.jnu.encoding" value="GBK"/>
    <property name="java.class.path" value="D:\java_workspace\one-dim-common\common-api\target\test-classes;D:\java_workspace\one-dim-common\common-api\target\classes;D:\mvn_jar\org\springframework\boot\spring-boot-starter\2.1.3.RELEASE\spring-boot-starter-2.1.3.RELEASE.jar;D:\mvn_jar\org\springframework\boot\spring-boot\2.1.3.RELEASE\spring-boot-2.1.3.RELEASE.jar;D:\mvn_jar\org\springframework\spring-context\5.1.5.RELEASE\spring-context-5.1.5.RELEASE.jar;D:\mvn_jar\org\springframework\boot\spring-boot-autoconfigure\2.1.3.RELEASE\spring-boot-autoconfigure-2.1.3.RELEASE.jar;D:\mvn_jar\org\springframework\boot\spring-boot-starter-logging\2.1.3.RELEASE\spring-boot-starter-logging-2.1.3.RELEASE.jar;D:\mvn_jar\ch\qos\logback\logback-classic\1.2.3\logback-classic-1.2.3.jar;D:\mvn_jar\org\apache\logging\log4j\log4j-to-slf4j\2.11.2\log4j-to-slf4j-2.11.2.jar;D:\mvn_jar\org\apache\logging\log4j\log4j-api\2.11.2\log4j-api-2.11.2.jar;D:\mvn_jar\org\slf4j\jul-to-slf4j\1.7.7\jul-to-slf4j-1.7.7.jar;D:\mvn_jar\javax\annotation\javax.annotation-api\1.3.2\javax.annotation-api-1.3.2.jar;D:\mvn_jar\org\springframework\spring-core\5.1.5.RELEASE\spring-core-5.1.5.RELEASE.jar;D:\mvn_jar\org\springframework\spring-jcl\5.1.5.RELEASE\spring-jcl-5.1.5.RELEASE.jar;D:\mvn_jar\org\yaml\snakeyaml\1.23\snakeyaml-1.23.jar;D:\mvn_jar\org\springframework\boot\spring-boot-starter-test\2.1.3.RELEASE\spring-boot-starter-test-2.1.3.RELEASE.jar;D:\mvn_jar\org\springframework\boot\spring-boot-test\2.1.3.RELEASE\spring-boot-test-2.1.3.RELEASE.jar;D:\mvn_jar\org\springframework\boot\spring-boot-test-autoconfigure\2.1.3.RELEASE\spring-boot-test-autoconfigure-2.1.3.RELEASE.jar;D:\mvn_jar\com\jayway\jsonpath\json-path\2.4.0\json-path-2.4.0.jar;D:\mvn_jar\net\minidev\json-smart\2.3\json-smart-2.3.jar;D:\mvn_jar\net\minidev\accessors-smart\1.2\accessors-smart-1.2.jar;D:\mvn_jar\org\ow2\asm\asm\5.0.4\asm-5.0.4.jar;D:\mvn_jar\org\assertj\assertj-core\3.11.1\assertj-core-3.11.1.jar;D:\mvn_jar\org\mockito\mockito-core\2.23.4\mockito-core-2.23.4.jar;D:\mvn_jar\net\bytebuddy\byte-buddy\1.9.10\byte-buddy-1.9.10.jar;D:\mvn_jar\net\bytebuddy\byte-buddy-agent\1.9.10\byte-buddy-agent-1.9.10.jar;D:\mvn_jar\org\objenesis\objenesis\2.6\objenesis-2.6.jar;D:\mvn_jar\org\hamcrest\hamcrest-core\1.3\hamcrest-core-1.3.jar;D:\mvn_jar\org\hamcrest\hamcrest-library\1.3\hamcrest-library-1.3.jar;D:\mvn_jar\org\skyscreamer\jsonassert\1.5.0\jsonassert-1.5.0.jar;D:\mvn_jar\com\vaadin\external\google\android-json\0.0.20131108.vaadin1\android-json-0.0.20131108.vaadin1.jar;D:\mvn_jar\org\springframework\spring-test\5.1.5.RELEASE\spring-test-5.1.5.RELEASE.jar;D:\mvn_jar\org\xmlunit\xmlunit-core\2.6.2\xmlunit-core-2.6.2.jar;D:\mvn_jar\org\springframework\boot\spring-boot-starter-web\2.1.3.RELEASE\spring-boot-starter-web-2.1.3.RELEASE.jar;D:\mvn_jar\org\springframework\boot\spring-boot-starter-json\2.1.3.RELEASE\spring-boot-starter-json-2.1.3.RELEASE.jar;D:\mvn_jar\com\fasterxml\jackson\datatype\jackson-datatype-jdk8\2.9.8\jackson-datatype-jdk8-2.9.8.jar;D:\mvn_jar\com\fasterxml\jackson\datatype\jackson-datatype-jsr310\2.9.8\jackson-datatype-jsr310-2.9.8.jar;D:\mvn_jar\com\fasterxml\jackson\module\jackson-module-parameter-names\2.9.8\jackson-module-parameter-names-2.9.8.jar;D:\mvn_jar\org\springframework\boot\spring-boot-starter-tomcat\2.1.3.RELEASE\spring-boot-starter-tomcat-2.1.3.RELEASE.jar;D:\mvn_jar\org\apache\tomcat\embed\tomcat-embed-core\9.0.16\tomcat-embed-core-9.0.16.jar;D:\mvn_jar\org\apache\tomcat\embed\tomcat-embed-el\9.0.16\tomcat-embed-el-9.0.16.jar;D:\mvn_jar\org\apache\tomcat\embed\tomcat-embed-websocket\9.0.16\tomcat-embed-websocket-9.0.16.jar;D:\mvn_jar\org\hibernate\validator\hibernate-validator\6.0.14.Final\hibernate-validator-6.0.14.Final.jar;D:\mvn_jar\javax\validation\validation-api\2.0.1.Final\validation-api-2.0.1.Final.jar;D:\mvn_jar\org\jboss\logging\jboss-logging\3.3.2.Final\jboss-logging-3.3.2.Final.jar;D:\mvn_jar\com\fasterxml\classmate\1.4.0\classmate-1.4.0.jar;D:\mvn_jar\org\springframework\spring-web\5.1.5.RELEASE\spring-web-5.1.5.RELEASE.jar;D:\mvn_jar\org\springframework\spring-beans\5.1.5.RELEASE\spring-beans-5.1.5.RELEASE.jar;D:\mvn_jar\org\springframework\spring-webmvc\5.1.5.RELEASE\spring-webmvc-5.1.5.RELEASE.jar;D:\mvn_jar\org\springframework\spring-expression\5.1.5.RELEASE\spring-expression-5.1.5.RELEASE.jar;D:\mvn_jar\io\dubbo\springboot\spring-boot-starter-dubbo\1.0.0\spring-boot-starter-dubbo-1.0.0.jar;D:\mvn_jar\com\alibaba\dubbo\2.5.3\dubbo-2.5.3.jar;D:\mvn_jar\org\jboss\netty\netty\3.2.5.Final\netty-3.2.5.Final.jar;D:\mvn_jar\com\101tec\zkclient\0.10\zkclient-0.10.jar;D:\mvn_jar\org\slf4j\slf4j-api\1.7.7\slf4j-api-1.7.7.jar;D:\mvn_jar\org\apache\zookeeper\zookeeper\3.4.8\zookeeper-3.4.8.jar;D:\mvn_jar\org\slf4j\slf4j-log4j12\1.7.7\slf4j-log4j12-1.7.7.jar;D:\mvn_jar\jline\jline\0.9.94\jline-0.9.94.jar;D:\mvn_jar\io\netty\netty\3.7.0.Final\netty-3.7.0.Final.jar;D:\mvn_jar\org\springframework\data\spring-data-redis\2.1.3.RELEASE\spring-data-redis-2.1.3.RELEASE.jar;D:\mvn_jar\org\springframework\data\spring-data-keyvalue\2.1.5.RELEASE\spring-data-keyvalue-2.1.5.RELEASE.jar;D:\mvn_jar\org\springframework\data\spring-data-commons\2.1.5.RELEASE\spring-data-commons-2.1.5.RELEASE.jar;D:\mvn_jar\org\springframework\spring-tx\5.1.5.RELEASE\spring-tx-5.1.5.RELEASE.jar;D:\mvn_jar\org\springframework\spring-oxm\5.1.5.RELEASE\spring-oxm-5.1.5.RELEASE.jar;D:\mvn_jar\org\springframework\spring-aop\5.1.5.RELEASE\spring-aop-5.1.5.RELEASE.jar;D:\mvn_jar\org\springframework\spring-context-support\5.1.5.RELEASE\spring-context-support-5.1.5.RELEASE.jar;D:\mvn_jar\redis\clients\jedis\2.10.1\jedis-2.10.1.jar;D:\mvn_jar\org\apache\commons\commons-pool2\2.6.1\commons-pool2-2.6.1.jar;D:\mvn_jar\commons-configuration\commons-configuration\1.6\commons-configuration-1.6.jar;D:\mvn_jar\commons-collections\commons-collections\3.2.1\commons-collections-3.2.1.jar;D:\mvn_jar\commons-lang\commons-lang\2.4\commons-lang-2.4.jar;D:\mvn_jar\commons-logging\commons-logging\1.1.1\commons-logging-1.1.1.jar;D:\mvn_jar\commons-digester\commons-digester\1.8\commons-digester-1.8.jar;D:\mvn_jar\commons-beanutils\commons-beanutils-core\1.8.0\commons-beanutils-core-1.8.0.jar;D:\mvn_jar\org\aspectj\aspectjrt\1.8.9\aspectjrt-1.8.9.jar;D:\mvn_jar\org\aspectj\aspectjweaver\1.8.9\aspectjweaver-1.8.9.jar;D:\mvn_jar\org\apache\httpcomponents\httpclient\4.5.3\httpclient-4.5.3.jar;D:\mvn_jar\org\apache\httpcomponents\httpcore\4.4.11\httpcore-4.4.11.jar;D:\mvn_jar\commons-codec\commons-codec\1.11\commons-codec-1.11.jar;D:\mvn_jar\commons-httpclient\commons-httpclient\3.1\commons-httpclient-3.1.jar;D:\mvn_jar\org\quartz-scheduler\quartz\2.2.1\quartz-2.2.1.jar;D:\mvn_jar\c3p0\c3p0\0.9.1.1\c3p0-0.9.1.1.jar;D:\mvn_jar\org\jdom\jdom\1.1\jdom-1.1.jar;D:\mvn_jar\dom4j\dom4j\1.6.1\dom4j-1.6.1.jar;D:\mvn_jar\commons-fileupload\commons-fileupload\1.3.1\commons-fileupload-1.3.1.jar;D:\mvn_jar\com\sun\mail\javax.mail\1.6.2\javax.mail-1.6.2.jar;D:\mvn_jar\javax\activation\activation\1.1\activation-1.1.jar;D:\mvn_jar\net\sf\jtidy\jtidy\r938\jtidy-r938.jar;D:\mvn_jar\org\projectlombok\lombok\1.18.10\lombok-1.18.10.jar;D:\mvn_jar\net\logstash\logback\logstash-logback-encoder\4.8\logstash-logback-encoder-4.8.jar;D:\mvn_jar\ch\qos\logback\logback-core\1.2.3\logback-core-1.2.3.jar;D:\mvn_jar\com\fasterxml\jackson\core\jackson-databind\2.9.8\jackson-databind-2.9.8.jar;D:\mvn_jar\com\fasterxml\jackson\core\jackson-annotations\2.9.0\jackson-annotations-2.9.0.jar;D:\mvn_jar\com\fasterxml\jackson\core\jackson-core\2.9.8\jackson-core-2.9.8.jar;D:\mvn_jar\com\alibaba\fastjson\1.2.62\fastjson-1.2.62.jar;D:\mvn_jar\org\apache\commons\commons-lang3\3.8.1\commons-lang3-3.8.1.jar;D:\mvn_jar\org\apache\poi\poi\3.15\poi-3.15.jar;D:\mvn_jar\org\apache\poi\poi-ooxml\3.15\poi-ooxml-3.15.jar;D:\mvn_jar\com\github\virtuald\curvesapi\1.04\curvesapi-1.04.jar;D:\mvn_jar\org\apache\poi\poi-ooxml-schemas\3.15\poi-ooxml-schemas-3.15.jar;D:\mvn_jar\org\apache\xmlbeans\xmlbeans\2.6.0\xmlbeans-2.6.0.jar;D:\mvn_jar\stax\stax-api\1.0.1\stax-api-1.0.1.jar;D:\mvn_jar\xerces\xercesImpl\2.11.0\xercesImpl-2.11.0.jar;D:\mvn_jar\xml-apis\xml-apis\1.4.01\xml-apis-1.4.01.jar;D:\mvn_jar\org\apache\commons\commons-collections4\4.1\commons-collections4-4.1.jar;D:\mvn_jar\commons-io\commons-io\2.4\commons-io-2.4.jar;D:\mvn_jar\com\google\code\gson\gson\2.8.2\gson-2.8.2.jar;D:\mvn_jar\net\sf\json-lib\json-lib\2.4\json-lib-2.4-jdk15.jar;D:\mvn_jar\commons-beanutils\commons-beanutils\1.8.0\commons-beanutils-1.8.0.jar;D:\mvn_jar\net\sf\ezmorph\ezmorph\1.0.6\ezmorph-1.0.6.jar;D:\mvn_jar\log4j\log4j\1.2.17\log4j-1.2.17.jar;D:\mvn_jar\com\belerweb\pinyin4j\2.5.0\pinyin4j-2.5.0.jar;D:\mvn_jar\junit\junit\4.12\junit-4.12.jar;D:\mvn_jar\org\freemarker\freemarker\2.3.23\freemarker-2.3.23.jar;D:\mvn_jar\org\jsoup\jsoup\1.11.2\jsoup-1.11.2.jar;D:\mvn_jar\org\codehaus\janino\janino\3.0.6\janino-3.0.6.jar;D:\mvn_jar\org\codehaus\janino\commons-compiler\3.0.6\commons-compiler-3.0.6.jar;D:\mvn_jar\ma\glasnost\orika\orika-core\1.5.2\orika-core-1.5.2.jar;D:\mvn_jar\org\javassist\javassist\3.19.0-GA\javassist-3.19.0-GA.jar;D:\mvn_jar\com\thoughtworks\paranamer\paranamer\2.8\paranamer-2.8.jar;D:\mvn_jar\com\googlecode\concurrentlinkedhashmap\concurrentlinkedhashmap-lru\1.4.2\concurrentlinkedhashmap-lru-1.4.2.jar;D:\mvn_jar\com\carrotsearch\java-sizeof\0.0.4\java-sizeof-0.0.4.jar;"/>
    <property name="java.vm.vendor" value="Oracle Corporation"/>
    <property name="sun.arch.data.model" value="64"/>
    <property name="user.variant" value=""/>
    <property name="java.vendor.url" value="http://java.oracle.com/"/>
    <property name="user.timezone" value="Asia/Shanghai"/>
    <property name="java.vm.specification.version" value="1.8"/>
    <property name="os.name" value="Windows 10"/>
    <property name="user.country" value="CN"/>
    <property name="sun.java.launcher" value="SUN_STANDARD"/>
    <property name="sun.boot.library.path" value="D:\Program Files\Java\jdk1.8.0_111\jre\bin"/>
    <property name="sun.java.command" value="C:\Users\ADMINI~1\AppData\Local\Temp\surefire7113548694572769892\surefirebooter8985763367604377281.jar C:\Users\Administrator\AppData\Local\Temp\surefire7113548694572769892 2020-08-29T13-00-00_981-jvmRun1 surefire5876462031682357954tmp surefire_01364303915131576733tmp"/>
    <property name="surefire.test.class.path" value="D:\java_workspace\one-dim-common\common-api\target\test-classes;D:\java_workspace\one-dim-common\common-api\target\classes;D:\mvn_jar\org\springframework\boot\spring-boot-starter\2.1.3.RELEASE\spring-boot-starter-2.1.3.RELEASE.jar;D:\mvn_jar\org\springframework\boot\spring-boot\2.1.3.RELEASE\spring-boot-2.1.3.RELEASE.jar;D:\mvn_jar\org\springframework\spring-context\5.1.5.RELEASE\spring-context-5.1.5.RELEASE.jar;D:\mvn_jar\org\springframework\boot\spring-boot-autoconfigure\2.1.3.RELEASE\spring-boot-autoconfigure-2.1.3.RELEASE.jar;D:\mvn_jar\org\springframework\boot\spring-boot-starter-logging\2.1.3.RELEASE\spring-boot-starter-logging-2.1.3.RELEASE.jar;D:\mvn_jar\ch\qos\logback\logback-classic\1.2.3\logback-classic-1.2.3.jar;D:\mvn_jar\org\apache\logging\log4j\log4j-to-slf4j\2.11.2\log4j-to-slf4j-2.11.2.jar;D:\mvn_jar\org\apache\logging\log4j\log4j-api\2.11.2\log4j-api-2.11.2.jar;D:\mvn_jar\org\slf4j\jul-to-slf4j\1.7.7\jul-to-slf4j-1.7.7.jar;D:\mvn_jar\javax\annotation\javax.annotation-api\1.3.2\javax.annotation-api-1.3.2.jar;D:\mvn_jar\org\springframework\spring-core\5.1.5.RELEASE\spring-core-5.1.5.RELEASE.jar;D:\mvn_jar\org\springframework\spring-jcl\5.1.5.RELEASE\spring-jcl-5.1.5.RELEASE.jar;D:\mvn_jar\org\yaml\snakeyaml\1.23\snakeyaml-1.23.jar;D:\mvn_jar\org\springframework\boot\spring-boot-starter-test\2.1.3.RELEASE\spring-boot-starter-test-2.1.3.RELEASE.jar;D:\mvn_jar\org\springframework\boot\spring-boot-test\2.1.3.RELEASE\spring-boot-test-2.1.3.RELEASE.jar;D:\mvn_jar\org\springframework\boot\spring-boot-test-autoconfigure\2.1.3.RELEASE\spring-boot-test-autoconfigure-2.1.3.RELEASE.jar;D:\mvn_jar\com\jayway\jsonpath\json-path\2.4.0\json-path-2.4.0.jar;D:\mvn_jar\net\minidev\json-smart\2.3\json-smart-2.3.jar;D:\mvn_jar\net\minidev\accessors-smart\1.2\accessors-smart-1.2.jar;D:\mvn_jar\org\ow2\asm\asm\5.0.4\asm-5.0.4.jar;D:\mvn_jar\org\assertj\assertj-core\3.11.1\assertj-core-3.11.1.jar;D:\mvn_jar\org\mockito\mockito-core\2.23.4\mockito-core-2.23.4.jar;D:\mvn_jar\net\bytebuddy\byte-buddy\1.9.10\byte-buddy-1.9.10.jar;D:\mvn_jar\net\bytebuddy\byte-buddy-agent\1.9.10\byte-buddy-agent-1.9.10.jar;D:\mvn_jar\org\objenesis\objenesis\2.6\objenesis-2.6.jar;D:\mvn_jar\org\hamcrest\hamcrest-core\1.3\hamcrest-core-1.3.jar;D:\mvn_jar\org\hamcrest\hamcrest-library\1.3\hamcrest-library-1.3.jar;D:\mvn_jar\org\skyscreamer\jsonassert\1.5.0\jsonassert-1.5.0.jar;D:\mvn_jar\com\vaadin\external\google\android-json\0.0.20131108.vaadin1\android-json-0.0.20131108.vaadin1.jar;D:\mvn_jar\org\springframework\spring-test\5.1.5.RELEASE\spring-test-5.1.5.RELEASE.jar;D:\mvn_jar\org\xmlunit\xmlunit-core\2.6.2\xmlunit-core-2.6.2.jar;D:\mvn_jar\org\springframework\boot\spring-boot-starter-web\2.1.3.RELEASE\spring-boot-starter-web-2.1.3.RELEASE.jar;D:\mvn_jar\org\springframework\boot\spring-boot-starter-json\2.1.3.RELEASE\spring-boot-starter-json-2.1.3.RELEASE.jar;D:\mvn_jar\com\fasterxml\jackson\datatype\jackson-datatype-jdk8\2.9.8\jackson-datatype-jdk8-2.9.8.jar;D:\mvn_jar\com\fasterxml\jackson\datatype\jackson-datatype-jsr310\2.9.8\jackson-datatype-jsr310-2.9.8.jar;D:\mvn_jar\com\fasterxml\jackson\module\jackson-module-parameter-names\2.9.8\jackson-module-parameter-names-2.9.8.jar;D:\mvn_jar\org\springframework\boot\spring-boot-starter-tomcat\2.1.3.RELEASE\spring-boot-starter-tomcat-2.1.3.RELEASE.jar;D:\mvn_jar\org\apache\tomcat\embed\tomcat-embed-core\9.0.16\tomcat-embed-core-9.0.16.jar;D:\mvn_jar\org\apache\tomcat\embed\tomcat-embed-el\9.0.16\tomcat-embed-el-9.0.16.jar;D:\mvn_jar\org\apache\tomcat\embed\tomcat-embed-websocket\9.0.16\tomcat-embed-websocket-9.0.16.jar;D:\mvn_jar\org\hibernate\validator\hibernate-validator\6.0.14.Final\hibernate-validator-6.0.14.Final.jar;D:\mvn_jar\javax\validation\validation-api\2.0.1.Final\validation-api-2.0.1.Final.jar;D:\mvn_jar\org\jboss\logging\jboss-logging\3.3.2.Final\jboss-logging-3.3.2.Final.jar;D:\mvn_jar\com\fasterxml\classmate\1.4.0\classmate-1.4.0.jar;D:\mvn_jar\org\springframework\spring-web\5.1.5.RELEASE\spring-web-5.1.5.RELEASE.jar;D:\mvn_jar\org\springframework\spring-beans\5.1.5.RELEASE\spring-beans-5.1.5.RELEASE.jar;D:\mvn_jar\org\springframework\spring-webmvc\5.1.5.RELEASE\spring-webmvc-5.1.5.RELEASE.jar;D:\mvn_jar\org\springframework\spring-expression\5.1.5.RELEASE\spring-expression-5.1.5.RELEASE.jar;D:\mvn_jar\io\dubbo\springboot\spring-boot-starter-dubbo\1.0.0\spring-boot-starter-dubbo-1.0.0.jar;D:\mvn_jar\com\alibaba\dubbo\2.5.3\dubbo-2.5.3.jar;D:\mvn_jar\org\jboss\netty\netty\3.2.5.Final\netty-3.2.5.Final.jar;D:\mvn_jar\com\101tec\zkclient\0.10\zkclient-0.10.jar;D:\mvn_jar\org\slf4j\slf4j-api\1.7.7\slf4j-api-1.7.7.jar;D:\mvn_jar\org\apache\zookeeper\zookeeper\3.4.8\zookeeper-3.4.8.jar;D:\mvn_jar\org\slf4j\slf4j-log4j12\1.7.7\slf4j-log4j12-1.7.7.jar;D:\mvn_jar\jline\jline\0.9.94\jline-0.9.94.jar;D:\mvn_jar\io\netty\netty\3.7.0.Final\netty-3.7.0.Final.jar;D:\mvn_jar\org\springframework\data\spring-data-redis\2.1.3.RELEASE\spring-data-redis-2.1.3.RELEASE.jar;D:\mvn_jar\org\springframework\data\spring-data-keyvalue\2.1.5.RELEASE\spring-data-keyvalue-2.1.5.RELEASE.jar;D:\mvn_jar\org\springframework\data\spring-data-commons\2.1.5.RELEASE\spring-data-commons-2.1.5.RELEASE.jar;D:\mvn_jar\org\springframework\spring-tx\5.1.5.RELEASE\spring-tx-5.1.5.RELEASE.jar;D:\mvn_jar\org\springframework\spring-oxm\5.1.5.RELEASE\spring-oxm-5.1.5.RELEASE.jar;D:\mvn_jar\org\springframework\spring-aop\5.1.5.RELEASE\spring-aop-5.1.5.RELEASE.jar;D:\mvn_jar\org\springframework\spring-context-support\5.1.5.RELEASE\spring-context-support-5.1.5.RELEASE.jar;D:\mvn_jar\redis\clients\jedis\2.10.1\jedis-2.10.1.jar;D:\mvn_jar\org\apache\commons\commons-pool2\2.6.1\commons-pool2-2.6.1.jar;D:\mvn_jar\commons-configuration\commons-configuration\1.6\commons-configuration-1.6.jar;D:\mvn_jar\commons-collections\commons-collections\3.2.1\commons-collections-3.2.1.jar;D:\mvn_jar\commons-lang\commons-lang\2.4\commons-lang-2.4.jar;D:\mvn_jar\commons-logging\commons-logging\1.1.1\commons-logging-1.1.1.jar;D:\mvn_jar\commons-digester\commons-digester\1.8\commons-digester-1.8.jar;D:\mvn_jar\commons-beanutils\commons-beanutils-core\1.8.0\commons-beanutils-core-1.8.0.jar;D:\mvn_jar\org\aspectj\aspectjrt\1.8.9\aspectjrt-1.8.9.jar;D:\mvn_jar\org\aspectj\aspectjweaver\1.8.9\aspectjweaver-1.8.9.jar;D:\mvn_jar\org\apache\httpcomponents\httpclient\4.5.3\httpclient-4.5.3.jar;D:\mvn_jar\org\apache\httpcomponents\httpcore\4.4.11\httpcore-4.4.11.jar;D:\mvn_jar\commons-codec\commons-codec\1.11\commons-codec-1.11.jar;D:\mvn_jar\commons-httpclient\commons-httpclient\3.1\commons-httpclient-3.1.jar;D:\mvn_jar\org\quartz-scheduler\quartz\2.2.1\quartz-2.2.1.jar;D:\mvn_jar\c3p0\c3p0\0.9.1.1\c3p0-0.9.1.1.jar;D:\mvn_jar\org\jdom\jdom\1.1\jdom-1.1.jar;D:\mvn_jar\dom4j\dom4j\1.6.1\dom4j-1.6.1.jar;D:\mvn_jar\commons-fileupload\commons-fileupload\1.3.1\commons-fileupload-1.3.1.jar;D:\mvn_jar\com\sun\mail\javax.mail\1.6.2\javax.mail-1.6.2.jar;D:\mvn_jar\javax\activation\activation\1.1\activation-1.1.jar;D:\mvn_jar\net\sf\jtidy\jtidy\r938\jtidy-r938.jar;D:\mvn_jar\org\projectlombok\lombok\1.18.10\lombok-1.18.10.jar;D:\mvn_jar\net\logstash\logback\logstash-logback-encoder\4.8\logstash-logback-encoder-4.8.jar;D:\mvn_jar\ch\qos\logback\logback-core\1.2.3\logback-core-1.2.3.jar;D:\mvn_jar\com\fasterxml\jackson\core\jackson-databind\2.9.8\jackson-databind-2.9.8.jar;D:\mvn_jar\com\fasterxml\jackson\core\jackson-annotations\2.9.0\jackson-annotations-2.9.0.jar;D:\mvn_jar\com\fasterxml\jackson\core\jackson-core\2.9.8\jackson-core-2.9.8.jar;D:\mvn_jar\com\alibaba\fastjson\1.2.62\fastjson-1.2.62.jar;D:\mvn_jar\org\apache\commons\commons-lang3\3.8.1\commons-lang3-3.8.1.jar;D:\mvn_jar\org\apache\poi\poi\3.15\poi-3.15.jar;D:\mvn_jar\org\apache\poi\poi-ooxml\3.15\poi-ooxml-3.15.jar;D:\mvn_jar\com\github\virtuald\curvesapi\1.04\curvesapi-1.04.jar;D:\mvn_jar\org\apache\poi\poi-ooxml-schemas\3.15\poi-ooxml-schemas-3.15.jar;D:\mvn_jar\org\apache\xmlbeans\xmlbeans\2.6.0\xmlbeans-2.6.0.jar;D:\mvn_jar\stax\stax-api\1.0.1\stax-api-1.0.1.jar;D:\mvn_jar\xerces\xercesImpl\2.11.0\xercesImpl-2.11.0.jar;D:\mvn_jar\xml-apis\xml-apis\1.4.01\xml-apis-1.4.01.jar;D:\mvn_jar\org\apache\commons\commons-collections4\4.1\commons-collections4-4.1.jar;D:\mvn_jar\commons-io\commons-io\2.4\commons-io-2.4.jar;D:\mvn_jar\com\google\code\gson\gson\2.8.2\gson-2.8.2.jar;D:\mvn_jar\net\sf\json-lib\json-lib\2.4\json-lib-2.4-jdk15.jar;D:\mvn_jar\commons-beanutils\commons-beanutils\1.8.0\commons-beanutils-1.8.0.jar;D:\mvn_jar\net\sf\ezmorph\ezmorph\1.0.6\ezmorph-1.0.6.jar;D:\mvn_jar\log4j\log4j\1.2.17\log4j-1.2.17.jar;D:\mvn_jar\com\belerweb\pinyin4j\2.5.0\pinyin4j-2.5.0.jar;D:\mvn_jar\junit\junit\4.12\junit-4.12.jar;D:\mvn_jar\org\freemarker\freemarker\2.3.23\freemarker-2.3.23.jar;D:\mvn_jar\org\jsoup\jsoup\1.11.2\jsoup-1.11.2.jar;D:\mvn_jar\org\codehaus\janino\janino\3.0.6\janino-3.0.6.jar;D:\mvn_jar\org\codehaus\janino\commons-compiler\3.0.6\commons-compiler-3.0.6.jar;D:\mvn_jar\ma\glasnost\orika\orika-core\1.5.2\orika-core-1.5.2.jar;D:\mvn_jar\org\javassist\javassist\3.19.0-GA\javassist-3.19.0-GA.jar;D:\mvn_jar\com\thoughtworks\paranamer\paranamer\2.8\paranamer-2.8.jar;D:\mvn_jar\com\googlecode\concurrentlinkedhashmap\concurrentlinkedhashmap-lru\1.4.2\concurrentlinkedhashmap-lru-1.4.2.jar;D:\mvn_jar\com\carrotsearch\java-sizeof\0.0.4\java-sizeof-0.0.4.jar;"/>
    <property name="sun.cpu.endian" value="little"/>
    <property name="user.home" value="C:\Users\Administrator"/>
    <property name="user.language" value="zh"/>
    <property name="java.specification.vendor" value="Oracle Corporation"/>
    <property name="java.home" value="D:\Program Files\Java\jdk1.8.0_111\jre"/>
    <property name="basedir" value="D:\java_workspace\one-dim-common\common-api"/>
    <property name="file.separator" value="\"/>
    <property name="line.separator" value="&#10;"/>
    <property name="java.vm.specification.vendor" value="Oracle Corporation"/>
    <property name="java.specification.name" value="Java Platform API Specification"/>
    <property name="java.awt.graphicsenv" value="sun.awt.Win32GraphicsEnvironment"/>
    <property name="idea.version2020.1.3" value="true"/>
    <property name="surefire.real.class.path" value="C:\Users\ADMINI~1\AppData\Local\Temp\surefire7113548694572769892\surefirebooter8985763367604377281.jar"/>
    <property name="sun.boot.class.path" value="D:\Program Files\Java\jdk1.8.0_111\jre\lib\resources.jar;D:\Program Files\Java\jdk1.8.0_111\jre\lib\rt.jar;D:\Program Files\Java\jdk1.8.0_111\jre\lib\sunrsasign.jar;D:\Program Files\Java\jdk1.8.0_111\jre\lib\jsse.jar;D:\Program Files\Java\jdk1.8.0_111\jre\lib\jce.jar;D:\Program Files\Java\jdk1.8.0_111\jre\lib\charsets.jar;D:\Program Files\Java\jdk1.8.0_111\jre\lib\jfr.jar;D:\Program Files\Java\jdk1.8.0_111\jre\classes"/>
    <property name="user.script" value=""/>
    <property name="sun.management.compiler" value="HotSpot 64-Bit Tiered Compilers"/>
    <property name="java.runtime.version" value="1.8.0_111-b14"/>
    <property name="user.name" value="Administrator"/>
    <property name="path.separator" value=";"/>
    <property name="os.version" value="10.0"/>
    <property name="java.endorsed.dirs" value="D:\Program Files\Java\jdk1.8.0_111\jre\lib\endorsed"/>
    <property name="java.runtime.name" value="Java(TM) SE Runtime Environment"/>
    <property name="file.encoding" value="GBK"/>
    <property name="java.vm.name" value="Java HotSpot(TM) 64-Bit Server VM"/>
    <property name="localRepository" value="D:\mvn_jar"/>
    <property name="java.vendor.url.bug" value="http://bugreport.sun.com/bugreport/"/>
    <property name="java.io.tmpdir" value="C:\Users\ADMINI~1\AppData\Local\Temp\"/>
    <property name="java.version" value="1.8.0_111"/>
    <property name="user.dir" value="D:\java_workspace\one-dim-common\common-api"/>
    <property name="os.arch" value="amd64"/>
    <property name="java.vm.specification.name" value="Java Virtual Machine Specification"/>
    <property name="java.awt.printerjob" value="sun.awt.windows.WPrinterJob"/>
    <property name="sun.os.patch.level" value=""/>
    <property name="java.library.path" value="D:\Program Files\Java\jdk1.8.0_111\jre\bin;C:\windows\Sun\Java\bin;C:\windows\system32;C:\windows;C:\ProgramData\Oracle\Java\javapath;C:\windows\system32;C:\windows;C:\windows\System32\Wbem;C:\windows\System32\WindowsPowerShell\v1.0\;C:\windows\System32\OpenSSH\;E:\Program Files\Git;E:\Program Files\Git\cmd;D:\Program Files\apache-maven-3.6.3\bin;E:\Program Files\nodejs\;D:\Program Files\Java\jdk1.8.0_111;C:\Users\Administrator\AppData\Local\Microsoft\WindowsApps;D:\Program Files\Microsoft VS Code\bin;E:\Program Files\Git;E:\Program Files\Git\cmd;C:\Users\Administrator\AppData\Roaming\npm;."/>
    <property name="java.vm.info" value="mixed mode"/>
    <property name="java.vendor" value="Oracle Corporation"/>
    <property name="java.vm.version" value="25.111-b14"/>
    <property name="java.ext.dirs" value="D:\Program Files\Java\jdk1.8.0_111\jre\lib\ext;C:\windows\Sun\Java\lib\ext"/>
    <property name="sun.io.unicode.encoding" value="UnicodeLittle"/>
    <property name="java.class.version" value="52.0"/>
  </properties>
  <testcase name="contextLoads" classname="com.csg.api.ApiApplicationTests" time="0.003"/>
</testsuite>